This is XeTeX, Version 3.14159265-2.6-0.999991 (TeX Live 2019/W32TeX) (preloaded format=xelatex 2020.1.7)  9 JAN 2020 10:48
entering extended mode
 restricted \write18 enabled.
 %&-line parsing enabled.
**MyJSSArticle.tex
(./MyJSSArticle.tex
LaTeX2e <2019-10-01> patch level 3

(c:/Users/willidon/AppData/Roaming/TinyTeX/texmf-dist/tex/latex/base/article.cl
s
Document Class: article 2019/10/25 v1.4k Standard LaTeX document class

(c:/Users/willidon/AppData/Roaming/TinyTeX/texmf-dist/tex/latex/base/size10.clo
File: size10.clo 2019/10/25 v1.4k Standard LaTeX file (size option)
)
\c@part=\count80
\c@section=\count81
\c@subsection=\count82
\c@subsubsection=\count83
\c@paragraph=\count84
\c@subparagraph=\count85
\c@figure=\count86
\c@table=\count87
\abovecaptionskip=\skip41
\belowcaptionskip=\skip42
\bibindent=\dimen102
)
(c:/Users/willidon/AppData/Roaming/TinyTeX/texmf-dist/tex/latex/marginnote/marg
innote.sty
Package: marginnote 2018/08/09 v1.4b non floating margin notes for LaTeX
\c@mn@abspage=\count88
)
(c:/Users/willidon/AppData/Roaming/TinyTeX/texmf-dist/tex/latex/graphics/graphi
cx.sty
Package: graphicx 2017/06/01 v1.1a Enhanced LaTeX Graphics (DPC,SPQR)

(c:/Users/willidon/AppData/Roaming/TinyTeX/texmf-dist/tex/latex/graphics/keyval
.sty
Package: keyval 2014/10/28 v1.15 key=value parser (DPC)
\KV@toks@=\toks14
)
(c:/Users/willidon/AppData/Roaming/TinyTeX/texmf-dist/tex/latex/graphics/graphi
cs.sty
Package: graphics 2019/11/01 v1.3d Standard LaTeX Graphics (DPC,SPQR)

(c:/Users/willidon/AppData/Roaming/TinyTeX/texmf-dist/tex/latex/graphics/trig.s
ty
Package: trig 2016/01/03 v1.10 sin cos tan (DPC)
)
(c:/Users/willidon/AppData/Roaming/TinyTeX/texmf-dist/tex/latex/graphics-cfg/gr
aphics.cfg
File: graphics.cfg 2016/06/04 v1.11 sample graphics configuration
)
Package graphics Info: Driver file: xetex.def on input line 105.

(c:/Users/willidon/AppData/Roaming/TinyTeX/texmf-dist/tex/latex/graphics-def/xe
tex.def
File: xetex.def 2017/06/24 v5.0h Graphics/color driver for xetex
))
\Gin@req@height=\dimen103
\Gin@req@width=\dimen104
)
(c:/Users/willidon/AppData/Roaming/TinyTeX/texmf-dist/tex/latex/xcolor/xcolor.s
ty
Package: xcolor 2016/05/11 v2.12 LaTeX color extensions (UK)

(c:/Users/willidon/AppData/Roaming/TinyTeX/texmf-dist/tex/latex/graphics-cfg/co
lor.cfg
File: color.cfg 2016/01/02 v1.6 sample color configuration
)
Package xcolor Info: Driver file: xetex.def on input line 225.
Package xcolor Info: Model `cmy' substituted by `cmy0' on input line 1348.
Package xcolor Info: Model `RGB' extended on input line 1364.
Package xcolor Info: Model `HTML' substituted by `rgb' on input line 1366.
Package xcolor Info: Model `Hsb' substituted by `hsb' on input line 1367.
Package xcolor Info: Model `tHsb' substituted by `hsb' on input line 1368.
Package xcolor Info: Model `HSB' substituted by `hsb' on input line 1369.
Package xcolor Info: Model `Gray' substituted by `gray' on input line 1370.
Package xcolor Info: Model `wave' substituted by `hsb' on input line 1371.
)
(c:/Users/willidon/AppData/Roaming/TinyTeX/texmf-dist/tex/latex/preprint/authbl
k.sty
Package: authblk 2001/02/27 1.3 (PWD)
\affilsep=\skip43
\@affilsep=\skip44
\c@Maxaffil=\count89
\c@authors=\count90
\c@affil=\count91
)
(c:/Users/willidon/AppData/Roaming/TinyTeX/texmf-dist/tex/latex/etoolbox/etoolb
ox.sty
Package: etoolbox 2019/09/21 v2.5h e-TeX tools for LaTeX (JAW)
\etb@tempcnta=\count92
)
(c:/Users/willidon/AppData/Roaming/TinyTeX/texmf-dist/tex/latex/titlesec/titles
ec.sty
Package: titlesec 2019/10/16 v2.13 Sectioning titles
\ttl@box=\box27
\beforetitleunit=\skip45
\aftertitleunit=\skip46
\ttl@plus=\dimen105
\ttl@minus=\dimen106
\ttl@toksa=\toks15
\titlewidth=\dimen107
\titlewidthlast=\dimen108
\titlewidthfirst=\dimen109
) (c:/Users/willidon/AppData/Roaming/TinyTeX/texmf-dist/tex/latex/tools/calc.st
y
Package: calc 2017/05/25 v4.3 Infix arithmetic (KKT,FJ)
\calc@Acount=\count93
\calc@Bcount=\count94
\calc@Adimen=\dimen110
\calc@Bdimen=\dimen111
\calc@Askip=\skip47
\calc@Bskip=\skip48
LaTeX Info: Redefining \setlength on input line 80.
LaTeX Info: Redefining \addtolength on input line 81.
\calc@Ccount=\count95
\calc@Cskip=\skip49
)
(c:/Users/willidon/AppData/Roaming/TinyTeX/texmf-dist/tex/latex/pgf/frontendlay
er/tikz.sty
(c:/Users/willidon/AppData/Roaming/TinyTeX/texmf-dist/tex/latex/pgf/basiclayer/
pgf.sty
(c:/Users/willidon/AppData/Roaming/TinyTeX/texmf-dist/tex/latex/pgf/utilities/p
gfrcs.sty
(c:/Users/willidon/AppData/Roaming/TinyTeX/texmf-dist/tex/generic/pgf/utilities
/pgfutil-common.tex
\pgfutil@everybye=\toks16
\pgfutil@tempdima=\dimen112
\pgfutil@tempdimb=\dimen113

(c:/Users/willidon/AppData/Roaming/TinyTeX/texmf-dist/tex/generic/pgf/utilities
/pgfutil-common-lists.tex))
(c:/Users/willidon/AppData/Roaming/TinyTeX/texmf-dist/tex/generic/pgf/utilities
/pgfutil-latex.def
\pgfutil@abb=\box28

(c:/Users/willidon/AppData/Roaming/TinyTeX/texmf-dist/tex/latex/ms/everyshi.sty
Package: everyshi 2001/05/15 v3.00 EveryShipout Package (MS)
))
(c:/Users/willidon/AppData/Roaming/TinyTeX/texmf-dist/tex/generic/pgf/utilities
/pgfrcs.code.tex
(c:/Users/willidon/AppData/Roaming/TinyTeX/texmf-dist/tex/generic/pgf/pgf.revis
ion.tex)
Package: pgfrcs 2019/12/21 v3.1.5a (3.1.5a)
))
Package: pgf 2019/12/21 v3.1.5a (3.1.5a)

(c:/Users/willidon/AppData/Roaming/TinyTeX/texmf-dist/tex/latex/pgf/basiclayer/
pgfcore.sty
(c:/Users/willidon/AppData/Roaming/TinyTeX/texmf-dist/tex/latex/pgf/systemlayer
/pgfsys.sty
(c:/Users/willidon/AppData/Roaming/TinyTeX/texmf-dist/tex/generic/pgf/systemlay
er/pgfsys.code.tex
Package: pgfsys 2019/12/21 v3.1.5a (3.1.5a)

(c:/Users/willidon/AppData/Roaming/TinyTeX/texmf-dist/tex/generic/pgf/utilities
/pgfkeys.code.tex
\pgfkeys@pathtoks=\toks17
\pgfkeys@temptoks=\toks18

(c:/Users/willidon/AppData/Roaming/TinyTeX/texmf-dist/tex/generic/pgf/utilities
/pgfkeysfiltered.code.tex
\pgfkeys@tmptoks=\toks19
))
\pgf@x=\dimen114
\pgf@y=\dimen115
\pgf@xa=\dimen116
\pgf@ya=\dimen117
\pgf@xb=\dimen118
\pgf@yb=\dimen119
\pgf@xc=\dimen120
\pgf@yc=\dimen121
\pgf@xd=\dimen122
\pgf@yd=\dimen123
\w@pgf@writea=\write3
\r@pgf@reada=\read1
\c@pgf@counta=\count96
\c@pgf@countb=\count97
\c@pgf@countc=\count98
\c@pgf@countd=\count99
\t@pgf@toka=\toks20
\t@pgf@tokb=\toks21
\t@pgf@tokc=\toks22
\pgf@sys@id@count=\count100

(c:/Users/willidon/AppData/Roaming/TinyTeX/texmf-dist/tex/generic/pgf/systemlay
er/pgf.cfg
File: pgf.cfg 2019/12/21 v3.1.5a (3.1.5a)
)
Driver file for pgf: pgfsys-xetex.def

(c:/Users/willidon/AppData/Roaming/TinyTeX/texmf-dist/tex/generic/pgf/systemlay
er/pgfsys-xetex.def
File: pgfsys-xetex.def 2019/12/21 v3.1.5a (3.1.5a)

(c:/Users/willidon/AppData/Roaming/TinyTeX/texmf-dist/tex/generic/pgf/systemlay
er/pgfsys-dvipdfmx.def
File: pgfsys-dvipdfmx.def 2019/12/21 v3.1.5a (3.1.5a)

(c:/Users/willidon/AppData/Roaming/TinyTeX/texmf-dist/tex/generic/pgf/systemlay
er/pgfsys-common-pdf.def
File: pgfsys-common-pdf.def 2019/12/21 v3.1.5a (3.1.5a)
)
\pgfsys@objnum=\count101
)))
(c:/Users/willidon/AppData/Roaming/TinyTeX/texmf-dist/tex/generic/pgf/systemlay
er/pgfsyssoftpath.code.tex
File: pgfsyssoftpath.code.tex 2019/12/21 v3.1.5a (3.1.5a)
\pgfsyssoftpath@smallbuffer@items=\count102
\pgfsyssoftpath@bigbuffer@items=\count103
)
(c:/Users/willidon/AppData/Roaming/TinyTeX/texmf-dist/tex/generic/pgf/systemlay
er/pgfsysprotocol.code.tex
File: pgfsysprotocol.code.tex 2019/12/21 v3.1.5a (3.1.5a)
))
(c:/Users/willidon/AppData/Roaming/TinyTeX/texmf-dist/tex/generic/pgf/basiclaye
r/pgfcore.code.tex
Package: pgfcore 2019/12/21 v3.1.5a (3.1.5a)

(c:/Users/willidon/AppData/Roaming/TinyTeX/texmf-dist/tex/generic/pgf/math/pgfm
ath.code.tex
(c:/Users/willidon/AppData/Roaming/TinyTeX/texmf-dist/tex/generic/pgf/math/pgfm
athcalc.code.tex
(c:/Users/willidon/AppData/Roaming/TinyTeX/texmf-dist/tex/generic/pgf/math/pgfm
athutil.code.tex)
(c:/Users/willidon/AppData/Roaming/TinyTeX/texmf-dist/tex/generic/pgf/math/pgfm
athparser.code.tex
\pgfmath@dimen=\dimen124
\pgfmath@count=\count104
\pgfmath@box=\box29
\pgfmath@toks=\toks23
\pgfmath@stack@operand=\toks24
\pgfmath@stack@operation=\toks25
)
(c:/Users/willidon/AppData/Roaming/TinyTeX/texmf-dist/tex/generic/pgf/math/pgfm
athfunctions.code.tex
(c:/Users/willidon/AppData/Roaming/TinyTeX/texmf-dist/tex/generic/pgf/math/pgfm
athfunctions.basic.code.tex)
(c:/Users/willidon/AppData/Roaming/TinyTeX/texmf-dist/tex/generic/pgf/math/pgfm
athfunctions.trigonometric.code.tex)
(c:/Users/willidon/AppData/Roaming/TinyTeX/texmf-dist/tex/generic/pgf/math/pgfm
athfunctions.random.code.tex)
(c:/Users/willidon/AppData/Roaming/TinyTeX/texmf-dist/tex/generic/pgf/math/pgfm
athfunctions.comparison.code.tex)
(c:/Users/willidon/AppData/Roaming/TinyTeX/texmf-dist/tex/generic/pgf/math/pgfm
athfunctions.base.code.tex)
(c:/Users/willidon/AppData/Roaming/TinyTeX/texmf-dist/tex/generic/pgf/math/pgfm
athfunctions.round.code.tex)
(c:/Users/willidon/AppData/Roaming/TinyTeX/texmf-dist/tex/generic/pgf/math/pgfm
athfunctions.misc.code.tex)
(c:/Users/willidon/AppData/Roaming/TinyTeX/texmf-dist/tex/generic/pgf/math/pgfm
athfunctions.integerarithmetics.code.tex)))
(c:/Users/willidon/AppData/Roaming/TinyTeX/texmf-dist/tex/generic/pgf/math/pgfm
athfloat.code.tex
\c@pgfmathroundto@lastzeros=\count105
))
(c:/Users/willidon/AppData/Roaming/TinyTeX/texmf-dist/tex/generic/pgf/math/pgfi
nt.code.tex)
(c:/Users/willidon/AppData/Roaming/TinyTeX/texmf-dist/tex/generic/pgf/basiclaye
r/pgfcorepoints.code.tex
File: pgfcorepoints.code.tex 2019/12/21 v3.1.5a (3.1.5a)
\pgf@picminx=\dimen125
\pgf@picmaxx=\dimen126
\pgf@picminy=\dimen127
\pgf@picmaxy=\dimen128
\pgf@pathminx=\dimen129
\pgf@pathmaxx=\dimen130
\pgf@pathminy=\dimen131
\pgf@pathmaxy=\dimen132
\pgf@xx=\dimen133
\pgf@xy=\dimen134
\pgf@yx=\dimen135
\pgf@yy=\dimen136
\pgf@zx=\dimen137
\pgf@zy=\dimen138
)
(c:/Users/willidon/AppData/Roaming/TinyTeX/texmf-dist/tex/generic/pgf/basiclaye
r/pgfcorepathconstruct.code.tex
File: pgfcorepathconstruct.code.tex 2019/12/21 v3.1.5a (3.1.5a)
\pgf@path@lastx=\dimen139
\pgf@path@lasty=\dimen140
)
(c:/Users/willidon/AppData/Roaming/TinyTeX/texmf-dist/tex/generic/pgf/basiclaye
r/pgfcorepathusage.code.tex
File: pgfcorepathusage.code.tex 2019/12/21 v3.1.5a (3.1.5a)
\pgf@shorten@end@additional=\dimen141
\pgf@shorten@start@additional=\dimen142
)
(c:/Users/willidon/AppData/Roaming/TinyTeX/texmf-dist/tex/generic/pgf/basiclaye
r/pgfcorescopes.code.tex
File: pgfcorescopes.code.tex 2019/12/21 v3.1.5a (3.1.5a)
\pgfpic=\box30
\pgf@hbox=\box31
\pgf@layerbox@main=\box32
\pgf@picture@serial@count=\count106
)
(c:/Users/willidon/AppData/Roaming/TinyTeX/texmf-dist/tex/generic/pgf/basiclaye
r/pgfcoregraphicstate.code.tex
File: pgfcoregraphicstate.code.tex 2019/12/21 v3.1.5a (3.1.5a)
\pgflinewidth=\dimen143
)
(c:/Users/willidon/AppData/Roaming/TinyTeX/texmf-dist/tex/generic/pgf/basiclaye
r/pgfcoretransformations.code.tex
File: pgfcoretransformations.code.tex 2019/12/21 v3.1.5a (3.1.5a)
\pgf@pt@x=\dimen144
\pgf@pt@y=\dimen145
\pgf@pt@temp=\dimen146
)
(c:/Users/willidon/AppData/Roaming/TinyTeX/texmf-dist/tex/generic/pgf/basiclaye
r/pgfcorequick.code.tex
File: pgfcorequick.code.tex 2019/12/21 v3.1.5a (3.1.5a)
)
(c:/Users/willidon/AppData/Roaming/TinyTeX/texmf-dist/tex/generic/pgf/basiclaye
r/pgfcoreobjects.code.tex
File: pgfcoreobjects.code.tex 2019/12/21 v3.1.5a (3.1.5a)
)
(c:/Users/willidon/AppData/Roaming/TinyTeX/texmf-dist/tex/generic/pgf/basiclaye
r/pgfcorepathprocessing.code.tex
File: pgfcorepathprocessing.code.tex 2019/12/21 v3.1.5a (3.1.5a)
)
(c:/Users/willidon/AppData/Roaming/TinyTeX/texmf-dist/tex/generic/pgf/basiclaye
r/pgfcorearrows.code.tex
File: pgfcorearrows.code.tex 2019/12/21 v3.1.5a (3.1.5a)
\pgfarrowsep=\dimen147
)
(c:/Users/willidon/AppData/Roaming/TinyTeX/texmf-dist/tex/generic/pgf/basiclaye
r/pgfcoreshade.code.tex
File: pgfcoreshade.code.tex 2019/12/21 v3.1.5a (3.1.5a)
\pgf@max=\dimen148
\pgf@sys@shading@range@num=\count107
\pgf@shadingcount=\count108
)
(c:/Users/willidon/AppData/Roaming/TinyTeX/texmf-dist/tex/generic/pgf/basiclaye
r/pgfcoreimage.code.tex
File: pgfcoreimage.code.tex 2019/12/21 v3.1.5a (3.1.5a)

(c:/Users/willidon/AppData/Roaming/TinyTeX/texmf-dist/tex/generic/pgf/basiclaye
r/pgfcoreexternal.code.tex
File: pgfcoreexternal.code.tex 2019/12/21 v3.1.5a (3.1.5a)
\pgfexternal@startupbox=\box33
))
(c:/Users/willidon/AppData/Roaming/TinyTeX/texmf-dist/tex/generic/pgf/basiclaye
r/pgfcorelayers.code.tex
File: pgfcorelayers.code.tex 2019/12/21 v3.1.5a (3.1.5a)
)
(c:/Users/willidon/AppData/Roaming/TinyTeX/texmf-dist/tex/generic/pgf/basiclaye
r/pgfcoretransparency.code.tex
File: pgfcoretransparency.code.tex 2019/12/21 v3.1.5a (3.1.5a)
)
(c:/Users/willidon/AppData/Roaming/TinyTeX/texmf-dist/tex/generic/pgf/basiclaye
r/pgfcorepatterns.code.tex
File: pgfcorepatterns.code.tex 2019/12/21 v3.1.5a (3.1.5a)
)
(c:/Users/willidon/AppData/Roaming/TinyTeX/texmf-dist/tex/generic/pgf/basiclaye
r/pgfcorerdf.code.tex
File: pgfcorerdf.code.tex 2019/12/21 v3.1.5a (3.1.5a)
)))
(c:/Users/willidon/AppData/Roaming/TinyTeX/texmf-dist/tex/generic/pgf/modules/p
gfmoduleshapes.code.tex
File: pgfmoduleshapes.code.tex 2019/12/21 v3.1.5a (3.1.5a)
\pgfnodeparttextbox=\box34
)
(c:/Users/willidon/AppData/Roaming/TinyTeX/texmf-dist/tex/generic/pgf/modules/p
gfmoduleplot.code.tex
File: pgfmoduleplot.code.tex 2019/12/21 v3.1.5a (3.1.5a)
)
(c:/Users/willidon/AppData/Roaming/TinyTeX/texmf-dist/tex/latex/pgf/compatibili
ty/pgfcomp-version-0-65.sty
Package: pgfcomp-version-0-65 2019/12/21 v3.1.5a (3.1.5a)
\pgf@nodesepstart=\dimen149
\pgf@nodesepend=\dimen150
)
(c:/Users/willidon/AppData/Roaming/TinyTeX/texmf-dist/tex/latex/pgf/compatibili
ty/pgfcomp-version-1-18.sty
Package: pgfcomp-version-1-18 2019/12/21 v3.1.5a (3.1.5a)
))
(c:/Users/willidon/AppData/Roaming/TinyTeX/texmf-dist/tex/latex/pgf/utilities/p
gffor.sty
(c:/Users/willidon/AppData/Roaming/TinyTeX/texmf-dist/tex/latex/pgf/utilities/p
gfkeys.sty
(c:/Users/willidon/AppData/Roaming/TinyTeX/texmf-dist/tex/generic/pgf/utilities
/pgfkeys.code.tex))
(c:/Users/willidon/AppData/Roaming/TinyTeX/texmf-dist/tex/latex/pgf/math/pgfmat
h.sty
(c:/Users/willidon/AppData/Roaming/TinyTeX/texmf-dist/tex/generic/pgf/math/pgfm
ath.code.tex))
(c:/Users/willidon/AppData/Roaming/TinyTeX/texmf-dist/tex/generic/pgf/utilities
/pgffor.code.tex
Package: pgffor 2019/12/21 v3.1.5a (3.1.5a)

(c:/Users/willidon/AppData/Roaming/TinyTeX/texmf-dist/tex/generic/pgf/math/pgfm
ath.code.tex)
\pgffor@iter=\dimen151
\pgffor@skip=\dimen152
\pgffor@stack=\toks26
\pgffor@toks=\toks27
))
(c:/Users/willidon/AppData/Roaming/TinyTeX/texmf-dist/tex/generic/pgf/frontendl
ayer/tikz/tikz.code.tex
Package: tikz 2019/12/21 v3.1.5a (3.1.5a)

(c:/Users/willidon/AppData/Roaming/TinyTeX/texmf-dist/tex/generic/pgf/libraries
/pgflibraryplothandlers.code.tex
File: pgflibraryplothandlers.code.tex 2019/12/21 v3.1.5a (3.1.5a)
\pgf@plot@mark@count=\count109
\pgfplotmarksize=\dimen153
)
\tikz@lastx=\dimen154
\tikz@lasty=\dimen155
\tikz@lastxsaved=\dimen156
\tikz@lastysaved=\dimen157
\tikz@lastmovetox=\dimen158
\tikz@lastmovetoy=\dimen159
\tikzleveldistance=\dimen160
\tikzsiblingdistance=\dimen161
\tikz@figbox=\box35
\tikz@figbox@bg=\box36
\tikz@tempbox=\box37
\tikz@tempbox@bg=\box38
\tikztreelevel=\count110
\tikznumberofchildren=\count111
\tikznumberofcurrentchild=\count112
\tikz@fig@count=\count113

(c:/Users/willidon/AppData/Roaming/TinyTeX/texmf-dist/tex/generic/pgf/modules/p
gfmodulematrix.code.tex
File: pgfmodulematrix.code.tex 2019/12/21 v3.1.5a (3.1.5a)
\pgfmatrixcurrentrow=\count114
\pgfmatrixcurrentcolumn=\count115
\pgf@matrix@numberofcolumns=\count116
)
\tikz@expandcount=\count117

(c:/Users/willidon/AppData/Roaming/TinyTeX/texmf-dist/tex/generic/pgf/frontendl
ayer/tikz/libraries/tikzlibrarytopaths.code.tex
File: tikzlibrarytopaths.code.tex 2019/12/21 v3.1.5a (3.1.5a)
)))
(c:/Users/willidon/AppData/Roaming/TinyTeX/texmf-dist/tex/latex/hyperref/hyperr
ef.sty
Package: hyperref 2019/11/10 v7.00c Hypertext links for LaTeX

(c:/Users/willidon/AppData/Roaming/TinyTeX/texmf-dist/tex/generic/ltxcmds/ltxcm
ds.sty
Package: ltxcmds 2019/12/15 v1.24 LaTeX kernel commands for general use (HO)
)
(c:/Users/willidon/AppData/Roaming/TinyTeX/texmf-dist/tex/generic/iftex/iftex.s
ty
Package: iftex 2019/11/07 v1.0c TeX engine tests
)
(c:/Users/willidon/AppData/Roaming/TinyTeX/texmf-dist/tex/latex/pdftexcmds/pdft
excmds.sty
Package: pdftexcmds 2019/11/24 v0.31 Utility functions of pdfTeX for LuaTeX (HO
)

(c:/Users/willidon/AppData/Roaming/TinyTeX/texmf-dist/tex/generic/infwarerr/inf
warerr.sty
Package: infwarerr 2019/12/03 v1.5 Providing info/warning/error messages (HO)
)
Package pdftexcmds Info: \pdf@primitive is available.
Package pdftexcmds Info: \pdf@ifprimitive is available.
Package pdftexcmds Info: \pdfdraftmode not found.
)
(c:/Users/willidon/AppData/Roaming/TinyTeX/texmf-dist/tex/generic/kvsetkeys/kvs
etkeys.sty
Package: kvsetkeys 2019/12/15 v1.18 Key value parser (HO)
)
(c:/Users/willidon/AppData/Roaming/TinyTeX/texmf-dist/tex/generic/kvdefinekeys/
kvdefinekeys.sty
Package: kvdefinekeys 2019-12-19 v1.6 Define keys (HO)
)
(c:/Users/willidon/AppData/Roaming/TinyTeX/texmf-dist/tex/generic/pdfescape/pdf
escape.sty
Package: pdfescape 2019/12/09 v1.15 Implements pdfTeX's escape features (HO)
)
(c:/Users/willidon/AppData/Roaming/TinyTeX/texmf-dist/tex/latex/hycolor/hycolor
.sty
Package: hycolor 2019/12/15 v1.9 Color options for hyperref/bookmark (HO)

(c:/Users/willidon/AppData/Roaming/TinyTeX/texmf-dist/tex/latex/hycolor/xcolor-
patch.sty
Package: xcolor-patch 2019/12/15 xcolor patch

(c:/Users/willidon/AppData/Roaming/TinyTeX/texmf-dist/tex/latex/oberdiek/hopatc
h.sty
Package: hopatch 2016/05/16 v1.3 Wrapper for package hooks (HO)
)))
(c:/Users/willidon/AppData/Roaming/TinyTeX/texmf-dist/tex/latex/letltxmacro/let
ltxmacro.sty
Package: letltxmacro 2019/12/03 v1.6 Let assignment for LaTeX macros (HO)
)
(c:/Users/willidon/AppData/Roaming/TinyTeX/texmf-dist/tex/latex/auxhook/auxhook
.sty
Package: auxhook 2019-12-17 v1.6 Hooks for auxiliary files (HO)
)
(c:/Users/willidon/AppData/Roaming/TinyTeX/texmf-dist/tex/latex/kvoptions/kvopt
ions.sty
Package: kvoptions 2019/11/29 v3.13 Key value format for package options (HO)
)
\@linkdim=\dimen162
\Hy@linkcounter=\count118
\Hy@pagecounter=\count119

(c:/Users/willidon/AppData/Roaming/TinyTeX/texmf-dist/tex/latex/hyperref/pd1enc
.def
File: pd1enc.def 2019/11/10 v7.00c Hyperref: PDFDocEncoding definition (HO)
)
(c:/Users/willidon/AppData/Roaming/TinyTeX/texmf-dist/tex/generic/intcalc/intca
lc.sty
Package: intcalc 2019/12/15 v1.3 Expandable calculations with integers (HO)
)
(c:/Users/willidon/AppData/Roaming/TinyTeX/texmf-dist/tex/generic/etexcmds/etex
cmds.sty
Package: etexcmds 2019/12/15 v1.7 Avoid name clashes with e-TeX commands (HO)
)
\Hy@SavedSpaceFactor=\count120

(c:/Users/willidon/AppData/Roaming/TinyTeX/texmf-dist/tex/latex/latexconfig/hyp
erref.cfg
File: hyperref.cfg 2002/06/06 v1.2 hyperref configuration of TeXLive
)
Package hyperref Info: Hyper figures OFF on input line 4535.
Package hyperref Info: Link nesting OFF on input line 4540.
Package hyperref Info: Hyper index ON on input line 4543.
Package hyperref Info: Plain pages OFF on input line 4550.
Package hyperref Info: Backreferencing OFF on input line 4555.
Package hyperref Info: Implicit mode ON; LaTeX internals redefined.
Package hyperref Info: Bookmarks ON on input line 4788.
\c@Hy@tempcnt=\count121
(c:/Users/willidon/AppData/Roaming/TinyTeX/texmf-dist/tex/latex/url/url.sty
\Urlmuskip=\muskip10
Package: url 2013/09/16  ver 3.4  Verb mode for urls, etc.
)
LaTeX Info: Redefining \url on input line 5147.
\XeTeXLinkMargin=\dimen163

(c:/Users/willidon/AppData/Roaming/TinyTeX/texmf-dist/tex/generic/bitset/bitset
.sty
Package: bitset 2019/12/09 v1.3 Handle bit-vector datatype (HO)

(c:/Users/willidon/AppData/Roaming/TinyTeX/texmf-dist/tex/generic/bigintcalc/bi
gintcalc.sty
Package: bigintcalc 2019/12/15 v1.5 Expandable calculations on big integers (HO
)
))
\Fld@menulength=\count122
\Field@Width=\dimen164
\Fld@charsize=\dimen165
Package hyperref Info: Hyper figures OFF on input line 6418.
Package hyperref Info: Link nesting OFF on input line 6423.
Package hyperref Info: Hyper index ON on input line 6426.
Package hyperref Info: backreferencing OFF on input line 6433.
Package hyperref Info: Link coloring OFF on input line 6438.
Package hyperref Info: Link coloring with OCG OFF on input line 6443.
Package hyperref Info: PDF/A mode OFF on input line 6448.
LaTeX Info: Redefining \ref on input line 6488.
LaTeX Info: Redefining \pageref on input line 6492.

(c:/Users/willidon/AppData/Roaming/TinyTeX/texmf-dist/tex/generic/atbegshi/atbe
gshi.sty
Package: atbegshi 2019/12/05 v1.19 At begin shipout hook (HO)
)
\Hy@abspage=\count123
\c@Item=\count124
\c@Hfootnote=\count125
)
Package hyperref Info: Driver (autodetected): hxetex.

(c:/Users/willidon/AppData/Roaming/TinyTeX/texmf-dist/tex/latex/hyperref/hxetex
.def
File: hxetex.def 2019/11/10 v7.00c Hyperref driver for XeTeX

(c:/Users/willidon/AppData/Roaming/TinyTeX/texmf-dist/tex/latex/hyperref/puenc.
def
File: puenc.def 2019/11/10 v7.00c Hyperref: PDF Unicode definition (HO)
)
(c:/Users/willidon/AppData/Roaming/TinyTeX/texmf-dist/tex/generic/stringenc/str
ingenc.sty
Package: stringenc 2019/11/29 v1.12 Convert strings between diff. encodings (HO
)
)
\pdfm@box=\box39
\c@Hy@AnnotLevel=\count126
\HyField@AnnotCount=\count127
\Fld@listcount=\count128
\c@bookmark@seq@number=\count129

(c:/Users/willidon/AppData/Roaming/TinyTeX/texmf-dist/tex/latex/rerunfilecheck/
rerunfilecheck.sty
Package: rerunfilecheck 2019/12/05 v1.9 Rerun checks for auxiliary files (HO)

(c:/Users/willidon/AppData/Roaming/TinyTeX/texmf-dist/tex/latex/atveryend/atver
yend.sty
Package: atveryend 2019-12-11 v1.11 Hooks at the very end of document (HO)
)
(c:/Users/willidon/AppData/Roaming/TinyTeX/texmf-dist/tex/generic/uniquecounter
/uniquecounter.sty
Package: uniquecounter 2019/12/15 v1.4 Provide unlimited unique counter (HO)
)
Package uniquecounter Info: New unique counter `rerunfilecheck' on input line 2
86.
)
\Hy@SectionHShift=\skip50
)
Package hyperref Info: Option `colorlinks' set `true' on input line 12.
Package hyperref Info: Option `breaklinks' set `true' on input line 12.

(c:/Users/willidon/AppData/Roaming/TinyTeX/texmf-dist/tex/latex/caption/caption
.sty
Package: caption 2020/01/03 v3.4h Customizing captions (AR)

(c:/Users/willidon/AppData/Roaming/TinyTeX/texmf-dist/tex/latex/caption/caption
3.sty
Package: caption3 2020/01/03 v1.8h caption3 kernel (AR)
Package caption3 Info: TeX engine: e-TeX on input line 61.
\captionmargin=\dimen166
\captionmargin@=\dimen167
\captionwidth=\dimen168
\caption@tempdima=\dimen169
\caption@indent=\dimen170
\caption@parindent=\dimen171
\caption@hangindent=\dimen172
Package caption Info: Standard document class detected.
)
\c@caption@flags=\count130
\c@continuedfloat=\count131
Package caption Info: hyperref package is loaded.
)
(c:/Users/willidon/AppData/Roaming/TinyTeX/texmf-dist/tex/latex/tcolorbox/tcolo
rbox.sty
Package: tcolorbox 2019/11/15 version 4.22 text color boxes

(c:/Users/willidon/AppData/Roaming/TinyTeX/texmf-dist/tex/latex/tools/verbatim.
sty
Package: verbatim 2019/11/10 v1.5r LaTeX2e package for verbatim enhancements
\every@verbatim=\toks28
\verbatim@line=\toks29
\verbatim@in@stream=\read2
)
(c:/Users/willidon/AppData/Roaming/TinyTeX/texmf-dist/tex/latex/environ/environ
.sty
Package: environ 2014/05/04 v0.3 A new way to define environments

(c:/Users/willidon/AppData/Roaming/TinyTeX/texmf-dist/tex/latex/trimspaces/trim
spaces.sty
Package: trimspaces 2009/09/17 v1.1 Trim spaces around a token list
)
\@envbody=\toks30
)
\tcb@titlebox=\box40
\tcb@upperbox=\box41
\tcb@lowerbox=\box42
\tcb@phantombox=\box43
\c@tcbbreakpart=\count132
\c@tcblayer=\count133
\tcolorbox@number=\count134
\tcb@temp=\box44
\tcb@temp=\box45
\tcb@temp=\box46
\tcb@temp=\box47
\tcb@out=\write4
\tcb@record@out=\write5
)
(c:/Users/willidon/AppData/Roaming/TinyTeX/texmf-dist/tex/latex/amsfonts/amssym
b.sty
Package: amssymb 2013/01/14 v3.01 AMS font symbols

(c:/Users/willidon/AppData/Roaming/TinyTeX/texmf-dist/tex/latex/amsfonts/amsfon
ts.sty
Package: amsfonts 2013/01/14 v3.01 Basic AMSFonts support
\@emptytoks=\toks31
\symAMSa=\mathgroup4
\symAMSb=\mathgroup5
LaTeX Font Info:    Redeclaring math symbol \hbar on input line 98.
LaTeX Font Info:    Overwriting math alphabet `\mathfrak' in version `bold'
(Font)                  U/euf/m/n --> U/euf/b/n on input line 106.
))
(c:/Users/willidon/AppData/Roaming/TinyTeX/texmf-dist/tex/latex/amsmath/amsmath
.sty
Package: amsmath 2019/11/16 v2.17d AMS math features
\@mathmargin=\skip51
For additional information on amsmath, use the `?' option.

(c:/Users/willidon/AppData/Roaming/TinyTeX/texmf-dist/tex/latex/amsmath/amstext
.sty
Package: amstext 2000/06/29 v2.01 AMS text

(c:/Users/willidon/AppData/Roaming/TinyTeX/texmf-dist/tex/latex/amsmath/amsgen.
sty
File: amsgen.sty 1999/11/30 v2.0 generic functions
\@emptytoks=\toks32
\ex@=\dimen173
))
(c:/Users/willidon/AppData/Roaming/TinyTeX/texmf-dist/tex/latex/amsmath/amsbsy.
sty
Package: amsbsy 1999/11/29 v1.2d Bold Symbols
\pmbraise@=\dimen174
)
(c:/Users/willidon/AppData/Roaming/TinyTeX/texmf-dist/tex/latex/amsmath/amsopn.
sty
Package: amsopn 2016/03/08 v2.02 operator names
)
\inf@bad=\count135
LaTeX Info: Redefining \frac on input line 227.
\uproot@=\count136
\leftroot@=\count137
LaTeX Info: Redefining \overline on input line 389.
\classnum@=\count138
\DOTSCASE@=\count139
LaTeX Info: Redefining \ldots on input line 486.
LaTeX Info: Redefining \dots on input line 489.
LaTeX Info: Redefining \cdots on input line 610.
\Mathstrutbox@=\box48
\strutbox@=\box49
\big@size=\dimen175
LaTeX Font Info:    Redeclaring font encoding OML on input line 733.
LaTeX Font Info:    Redeclaring font encoding OMS on input line 734.
\macc@depth=\count140
\c@MaxMatrixCols=\count141
\dotsspace@=\muskip11
\c@parentequation=\count142
\dspbrk@lvl=\count143
\tag@help=\toks33
\row@=\count144
\column@=\count145
\maxfields@=\count146
\andhelp@=\toks34
\eqnshift@=\dimen176
\alignsep@=\dimen177
\tagshift@=\dimen178
\tagwidth@=\dimen179
\totwidth@=\dimen180
\lineht@=\dimen181
\@envbody=\toks35
\multlinegap=\skip52
\multlinetaggap=\skip53
\mathdisplay@stack=\toks36
LaTeX Info: Redefining \[ on input line 2858.
LaTeX Info: Redefining \] on input line 2859.
)
(c:/Users/willidon/AppData/Roaming/TinyTeX/texmf-dist/tex/generic/iftex/ifxetex
.sty
Package: ifxetex 2019/10/25 v0.7 ifxetex legacy package. Use iftex instead.
)
(c:/Users/willidon/AppData/Roaming/TinyTeX/texmf-dist/tex/generic/iftex/ifluate
x.sty
Package: ifluatex 2019/10/25 v1.5 ifluatex legacy package. Use iftex instead.
)
(c:/Users/willidon/AppData/Roaming/TinyTeX/texmf-dist/tex/latex/seqsplit/seqspl
it.sty
Package: seqsplit 2006/08/07 v0.1 Splitting long sequences (DNA, RNA, proteins,
 etc.) 
)
(c:/Users/willidon/AppData/Roaming/TinyTeX/texmf-dist/tex/latex/base/fixltx2e.s
ty
Package: fixltx2e 2016/12/29 v2.1a fixes to LaTeX (obsolete)
Applying: [2015/01/01] Old fixltx2e package on input line 46.

Package fixltx2e Warning: fixltx2e is not required with releases after 2015
(fixltx2e)                All fixes are now in the LaTeX kernel.
(fixltx2e)                See the latexrelease package for details.

Already applied: [0000/00/00] Old fixltx2e package on input line 53.
)
(c:/Users/willidon/AppData/Roaming/TinyTeX/texmf-dist/tex/latex/biblatex/biblat
ex.sty
Package: biblatex 2019/12/01 v3.14 programmable bibliographies (PK/MW)

(c:/Users/willidon/AppData/Roaming/TinyTeX/texmf-dist/tex/latex/logreq/logreq.s
ty
Package: logreq 2010/08/04 v1.0 xml request logger
\lrq@indent=\count147

(c:/Users/willidon/AppData/Roaming/TinyTeX/texmf-dist/tex/latex/logreq/logreq.d
ef
File: logreq.def 2010/08/04 v1.0 logreq spec v1.0
))
(c:/Users/willidon/AppData/Roaming/TinyTeX/texmf-dist/tex/latex/base/ifthen.sty
Package: ifthen 2014/09/29 v1.1c Standard LaTeX ifthen package (DPC)
)
\c@tabx@nest=\count148
\c@listtotal=\count149
\c@listcount=\count150
\c@liststart=\count151
\c@liststop=\count152
\c@citecount=\count153
\c@citetotal=\count154
\c@multicitecount=\count155
\c@multicitetotal=\count156
\c@instcount=\count157
\c@maxnames=\count158
\c@minnames=\count159
\c@maxitems=\count160
\c@minitems=\count161
\c@citecounter=\count162
\c@maxcitecounter=\count163
\c@savedcitecounter=\count164
\c@uniquelist=\count165
\c@uniquename=\count166
\c@refsection=\count167
\c@refsegment=\count168
\c@maxextratitle=\count169
\c@maxextratitleyear=\count170
\c@maxextraname=\count171
\c@maxextradate=\count172
\c@maxextraalpha=\count173
\c@abbrvpenalty=\count174
\c@highnamepenalty=\count175
\c@lownamepenalty=\count176
\c@maxparens=\count177
\c@parenlevel=\count178
\blx@tempcnta=\count179
\blx@tempcntb=\count180
\blx@tempcntc=\count181
\blx@maxsection=\count182
\blx@maxsegment@0=\count183
\blx@notetype=\count184
\blx@parenlevel@text=\count185
\blx@parenlevel@foot=\count186
\blx@sectionciteorder@0=\count187
\blx@entrysetcounter=\count188
\labelnumberwidth=\skip54
\labelalphawidth=\skip55
\biblabelsep=\skip56
\bibitemsep=\skip57
\bibnamesep=\skip58
\bibinitsep=\skip59
\bibparsep=\skip60
\bibhang=\skip61
\blx@bcfin=\read3
\blx@bcfout=\write6
\blx@langwohyphens=\language3
\c@mincomprange=\count189
\c@maxcomprange=\count190
\c@mincompwidth=\count191
Package biblatex Info: Trying to load biblatex default data model...
Package biblatex Info: ... file 'blx-dm.def' found.

(c:/Users/willidon/AppData/Roaming/TinyTeX/texmf-dist/tex/latex/biblatex/blx-dm
.def
File: blx-dm.def 2019/12/01 v3.14 biblatex localization (PK/MW)
)
Package biblatex Info: Trying to load biblatex custom data model...
Package biblatex Info: ... file 'biblatex-dm.cfg' not found.
\c@afterword=\count192
\c@savedafterword=\count193
\c@annotator=\count194
\c@savedannotator=\count195
\c@author=\count196
\c@savedauthor=\count197
\c@bookauthor=\count198
\c@savedbookauthor=\count199
\c@commentator=\count266
\c@savedcommentator=\count267
\c@editor=\count268
\c@savededitor=\count269
\c@editora=\count270
\c@savededitora=\count271
\c@editorb=\count272
\c@savededitorb=\count273
\c@editorc=\count274
\c@savededitorc=\count275
\c@foreword=\count276
\c@savedforeword=\count277
\c@holder=\count278
\c@savedholder=\count279
\c@introduction=\count280
\c@savedintroduction=\count281
\c@namea=\count282
\c@savednamea=\count283
\c@nameb=\count284
\c@savednameb=\count285
\c@namec=\count286
\c@savednamec=\count287
\c@translator=\count288
\c@savedtranslator=\count289
\c@shortauthor=\count290
\c@savedshortauthor=\count291
\c@shorteditor=\count292
\c@savedshorteditor=\count293
\c@labelname=\count294
\c@savedlabelname=\count295
\c@institution=\count296
\c@savedinstitution=\count297
\c@lista=\count298
\c@savedlista=\count299
\c@listb=\count300
\c@savedlistb=\count301
\c@listc=\count302
\c@savedlistc=\count303
\c@listd=\count304
\c@savedlistd=\count305
\c@liste=\count306
\c@savedliste=\count307
\c@listf=\count308
\c@savedlistf=\count309
\c@location=\count310
\c@savedlocation=\count311
\c@organization=\count312
\c@savedorganization=\count313
\c@origlocation=\count314
\c@savedoriglocation=\count315
\c@origpublisher=\count316
\c@savedorigpublisher=\count317
\c@publisher=\count318
\c@savedpublisher=\count319
\c@language=\count320
\c@savedlanguage=\count321
\c@origlanguage=\count322
\c@savedoriglanguage=\count323
\c@pageref=\count324
\c@savedpageref=\count325
\shorthandwidth=\skip62
\shortjournalwidth=\skip63
\shortserieswidth=\skip64
\shorttitlewidth=\skip65
\shortauthorwidth=\skip66
\shorteditorwidth=\skip67
\locallabelnumberwidth=\skip68
\locallabelalphawidth=\skip69
\localshorthandwidth=\skip70
\localshortjournalwidth=\skip71
\localshortserieswidth=\skip72
\localshorttitlewidth=\skip73
\localshortauthorwidth=\skip74
\localshorteditorwidth=\skip75
Package biblatex Info: Trying to load enhanced support for Unicode engines...
Package biblatex Info: ... file 'blx-unicode.def' found.

(c:/Users/willidon/AppData/Roaming/TinyTeX/texmf-dist/tex/latex/biblatex/blx-un
icode.def)
Package biblatex Info: Trying to load compatibility code...
Package biblatex Info: ... file 'blx-compat.def' found.

(c:/Users/willidon/AppData/Roaming/TinyTeX/texmf-dist/tex/latex/biblatex/blx-co
mpat.def
File: blx-compat.def 2019/12/01 v3.14 biblatex compatibility (PK/MW)
)
Package biblatex Info: Trying to load generic definitions...
Package biblatex Info: ... file 'biblatex.def' found.

(c:/Users/willidon/AppData/Roaming/TinyTeX/texmf-dist/tex/latex/biblatex/biblat
ex.def
File: biblatex.def 2019/12/01 v3.14 biblatex compatibility (PK/MW)
\c@textcitecount=\count326
\c@textcitetotal=\count327
\c@textcitemaxnames=\count328
\c@biburlbigbreakpenalty=\count329
\c@biburlbreakpenalty=\count330
\c@biburlnumpenalty=\count331
\c@biburlucpenalty=\count332
\c@biburllcpenalty=\count333
\biburlbigskip=\muskip12
\biburlnumskip=\muskip13
\biburlucskip=\muskip14
\biburllcskip=\muskip15
\c@smartand=\count334
)
Package biblatex Info: Trying to load bibliography style 'numeric'...
Package biblatex Info: ... file 'numeric.bbx' found.

(c:/Users/willidon/AppData/Roaming/TinyTeX/texmf-dist/tex/latex/biblatex/bbx/nu
meric.bbx
File: numeric.bbx 2019/12/01 v3.14 biblatex bibliography style (PK/MW)
Package biblatex Info: Trying to load bibliography style 'standard'...
Package biblatex Info: ... file 'standard.bbx' found.

(c:/Users/willidon/AppData/Roaming/TinyTeX/texmf-dist/tex/latex/biblatex/bbx/st
andard.bbx
File: standard.bbx 2019/12/01 v3.14 biblatex bibliography style (PK/MW)
\c@bbx:relatedcount=\count335
\c@bbx:relatedtotal=\count336
))
Package biblatex Info: Trying to load citation style 'numeric'...
Package biblatex Info: ... file 'numeric.cbx' found.

(c:/Users/willidon/AppData/Roaming/TinyTeX/texmf-dist/tex/latex/biblatex/cbx/nu
meric.cbx
File: numeric.cbx 2019/12/01 v3.14 biblatex citation style (PK/MW)
Package biblatex Info: Redefining '\cite'.
Package biblatex Info: Redefining '\parencite'.
Package biblatex Info: Redefining '\footcite'.
Package biblatex Info: Redefining '\footcitetext'.
Package biblatex Info: Redefining '\smartcite'.
Package biblatex Info: Redefining '\supercite'.
Package biblatex Info: Redefining '\textcite'.
Package biblatex Info: Redefining '\textcites'.
Package biblatex Info: Redefining '\cites'.
Package biblatex Info: Redefining '\parencites'.
Package biblatex Info: Redefining '\smartcites'.
)
Package biblatex Info: Trying to load configuration file...
Package biblatex Info: ... file 'biblatex.cfg' found.

(c:/Users/willidon/AppData/Roaming/TinyTeX/texmf-dist/tex/latex/biblatex/biblat
ex.cfg
File: biblatex.cfg 
))
(c:/Users/willidon/AppData/Roaming/TinyTeX/texmf-dist/tex/latex/geometry/geomet
ry.sty
Package: geometry 2020/01/02 v5.9 Page Geometry

(c:/Users/willidon/AppData/Roaming/TinyTeX/texmf-dist/tex/generic/iftex/ifvtex.
sty
Package: ifvtex 2019/10/25 v1.7 ifvtex legacy package. Use iftex instead.
)
\Gm@cnth=\count337
\Gm@cntv=\count338
\c@Gm@tempcnt=\count339
\Gm@bindingoffset=\dimen182
\Gm@wd@mp=\dimen183
\Gm@odd@mp=\dimen184
\Gm@even@mp=\dimen185
\Gm@layoutwidth=\dimen186
\Gm@layoutheight=\dimen187
\Gm@layouthoffset=\dimen188
\Gm@layoutvoffset=\dimen189
\Gm@dimlist=\toks37
)
(c:/Users/willidon/AppData/Roaming/TinyTeX/texmf-dist/tex/latex/fancyhdr/fancyh
dr.sty
Package: fancyhdr 2019/01/31 v3.10 Extensive control of page headers and footer
s
\f@nch@headwidth=\skip76
\f@nch@O@elh=\skip77
\f@nch@O@erh=\skip78
\f@nch@O@olh=\skip79
\f@nch@O@orh=\skip80
\f@nch@O@elf=\skip81
\f@nch@O@erf=\skip82
\f@nch@O@olf=\skip83
\f@nch@O@orf=\skip84
)
(c:/Users/willidon/AppData/Roaming/TinyTeX/texmf-dist/tex/xelatex/mathspec/math
spec.sty
Package: mathspec 2016/12/22 v0.2b LaTeX Package (Mathematics font selection fo
r XeLaTeX)

(c:/Users/willidon/AppData/Roaming/TinyTeX/texmf-dist/tex/latex/fontspec/fontsp
ec.sty
(c:/Users/willidon/AppData/Roaming/TinyTeX/texmf-dist/tex/latex/l3packages/xpar
se/xparse.sty
(c:/Users/willidon/AppData/Roaming/TinyTeX/texmf-dist/tex/latex/l3kernel/expl3.
sty
Package: expl3 2019-11-07 L3 programming layer (loader) 

(c:/Users/willidon/AppData/Roaming/TinyTeX/texmf-dist/tex/latex/l3kernel/expl3-
code.tex
Package: expl3 2019-11-07 L3 programming layer (code)
\c_max_int=\count340
\l_tmpa_int=\count341
\l_tmpb_int=\count342
\g_tmpa_int=\count343
\g_tmpb_int=\count344
\l__seq_internal_a_int=\count345
\l__seq_internal_b_int=\count346
\g__kernel_prg_map_int=\count347
\c__ior_term_noprompt_ior=\count348
\c_log_iow=\count349
\l_iow_line_count_int=\count350
\l__iow_line_target_int=\count351
\l__iow_one_indent_int=\count352
\l__iow_indent_int=\count353
\c_zero_dim=\dimen190
\c_max_dim=\dimen191
\l_tmpa_dim=\dimen192
\l_tmpb_dim=\dimen193
\g_tmpa_dim=\dimen194
\g_tmpb_dim=\dimen195
\c_zero_skip=\skip85
\c_max_skip=\skip86
\l_tmpa_skip=\skip87
\l_tmpb_skip=\skip88
\g_tmpa_skip=\skip89
\g_tmpb_skip=\skip90
\c_zero_muskip=\muskip16
\c_max_muskip=\muskip17
\l_tmpa_muskip=\muskip18
\l_tmpb_muskip=\muskip19
\g_tmpa_muskip=\muskip20
\g_tmpb_muskip=\muskip21
\l_keys_choice_int=\count354
\l__intarray_loop_int=\count355
\c__intarray_sp_dim=\dimen196
\g__intarray_font_int=\count356
\c__fp_leading_shift_int=\count357
\c__fp_middle_shift_int=\count358
\c__fp_trailing_shift_int=\count359
\c__fp_big_leading_shift_int=\count360
\c__fp_big_middle_shift_int=\count361
\c__fp_big_trailing_shift_int=\count362
\c__fp_Bigg_leading_shift_int=\count363
\c__fp_Bigg_middle_shift_int=\count364
\c__fp_Bigg_trailing_shift_int=\count365
\g__fp_array_int=\count366
\l__fp_array_loop_int=\count367
\l__sort_length_int=\count368
\l__sort_min_int=\count369
\l__sort_top_int=\count370
\l__sort_max_int=\count371
\l__sort_true_max_int=\count372
\l__sort_block_int=\count373
\l__sort_begin_int=\count374
\l__sort_end_int=\count375
\l__sort_A_int=\count376
\l__sort_B_int=\count377
\l__sort_C_int=\count378
\l__str_internal_int=\count379
\l__tl_analysis_normal_int=\count380
\l__tl_analysis_index_int=\count381
\l__tl_analysis_nesting_int=\count382
\l__tl_analysis_type_int=\count383
\l__regex_internal_a_int=\count384
\l__regex_internal_b_int=\count385
\l__regex_internal_c_int=\count386
\l__regex_balance_int=\count387
\l__regex_group_level_int=\count388
\l__regex_mode_int=\count389
\c__regex_cs_in_class_mode_int=\count390
\c__regex_cs_mode_int=\count391
\l__regex_catcodes_int=\count392
\l__regex_default_catcodes_int=\count393
\c__regex_catcode_L_int=\count394
\c__regex_catcode_O_int=\count395
\c__regex_catcode_A_int=\count396
\c__regex_all_catcodes_int=\count397
\l__regex_show_lines_int=\count398
\l__regex_min_state_int=\count399
\l__regex_max_state_int=\count400
\l__regex_left_state_int=\count401
\l__regex_right_state_int=\count402
\l__regex_capturing_group_int=\count403
\l__regex_min_pos_int=\count404
\l__regex_max_pos_int=\count405
\l__regex_curr_pos_int=\count406
\l__regex_start_pos_int=\count407
\l__regex_success_pos_int=\count408
\l__regex_curr_char_int=\count409
\l__regex_curr_catcode_int=\count410
\l__regex_last_char_int=\count411
\l__regex_case_changed_char_int=\count412
\l__regex_curr_state_int=\count413
\l__regex_step_int=\count414
\l__regex_min_active_int=\count415
\l__regex_max_active_int=\count416
\l__regex_replacement_csnames_int=\count417
\l__regex_match_count_int=\count418
\l__regex_min_submatch_int=\count419
\l__regex_submatch_int=\count420
\l__regex_zeroth_submatch_int=\count421
\g__regex_trace_regex_int=\count422
\c_empty_box=\box50
\l_tmpa_box=\box51
\l_tmpb_box=\box52
\g_tmpa_box=\box53
\g_tmpb_box=\box54
\l__box_top_dim=\dimen197
\l__box_bottom_dim=\dimen198
\l__box_left_dim=\dimen199
\l__box_right_dim=\dimen256
\l__box_top_new_dim=\dimen257
\l__box_bottom_new_dim=\dimen258
\l__box_left_new_dim=\dimen259
\l__box_right_new_dim=\dimen260
\l__box_internal_box=\box55
\l__coffin_internal_box=\box56
\l__coffin_internal_dim=\dimen261
\l__coffin_offset_x_dim=\dimen262
\l__coffin_offset_y_dim=\dimen263
\l__coffin_x_dim=\dimen264
\l__coffin_y_dim=\dimen265
\l__coffin_x_prime_dim=\dimen266
\l__coffin_y_prime_dim=\dimen267
\c_empty_coffin=\box57
\l__coffin_aligned_coffin=\box58
\l__coffin_aligned_internal_coffin=\box59
\l_tmpa_coffin=\box60
\l_tmpb_coffin=\box61
\g_tmpa_coffin=\box62
\g_tmpb_coffin=\box63
\l__coffin_bounding_shift_dim=\dimen268
\l__coffin_left_corner_dim=\dimen269
\l__coffin_right_corner_dim=\dimen270
\l__coffin_bottom_corner_dim=\dimen271
\l__coffin_top_corner_dim=\dimen272
\l__coffin_scaled_total_height_dim=\dimen273
\l__coffin_scaled_width_dim=\dimen274
\c__coffin_empty_coffin=\box64
\l__coffin_display_coffin=\box65
\l__coffin_display_coord_coffin=\box66
\l__coffin_display_pole_coffin=\box67
\l__coffin_display_offset_dim=\dimen275
\l__coffin_display_x_dim=\dimen276
\l__coffin_display_y_dim=\dimen277
\g__char_data_ior=\read4

(c:/Users/willidon/AppData/Roaming/TinyTeX/texmf-dist/tex/latex/l3kernel/l3depr
ecation.def
File: l3deprecation.def 2019-04-06 v L3 Deprecated functions
))
(c:/Users/willidon/AppData/Roaming/TinyTeX/texmf-dist/tex/latex/l3backend/l3bac
kend-xdvipdfmx.def
File: l3backend-xdvipdfmx.def 2019-04-06 L3 backend support: xdvipdfmx
\g__graphics_track_int=\count423
\l__pdf_internal_box=\box68
\g__pdf_backend_object_int=\count424
\g__pdf_backend_annotation_int=\count425
))
Package: xparse 2019-10-11 L3 Experimental document command parser
\l__xparse_current_arg_int=\count426
\g__xparse_grabber_int=\count427
\l__xparse_m_args_int=\count428
\l__xparse_v_nesting_int=\count429
)
Package: fontspec 2019/10/19 v2.7d Font selection for XeLaTeX and LuaLaTeX

(c:/Users/willidon/AppData/Roaming/TinyTeX/texmf-dist/tex/latex/fontspec/fontsp
ec-xetex.sty
Package: fontspec-xetex 2019/10/19 v2.7d Font selection for XeLaTeX and LuaLaTe
X
\l__fontspec_script_int=\count430
\l__fontspec_language_int=\count431
\l__fontspec_strnum_int=\count432
\l__fontspec_tmp_int=\count433
\l__fontspec_tmpa_int=\count434
\l__fontspec_tmpb_int=\count435
\l__fontspec_tmpc_int=\count436
\l__fontspec_em_int=\count437
\l__fontspec_emdef_int=\count438
\l__fontspec_strong_int=\count439
\l__fontspec_strongdef_int=\count440
\l__fontspec_tmpa_dim=\dimen278
\l__fontspec_tmpb_dim=\dimen279
\l__fontspec_tmpc_dim=\dimen280

(c:/Users/willidon/AppData/Roaming/TinyTeX/texmf-dist/tex/latex/base/fontenc.st
y
Package: fontenc 2018/08/11 v2.0j Standard LaTeX package
(c:/Users/willidon/AppData/Roaming/TinyTeX/texmf-dist/tex/latex/base/tuenc.def
File: tuenc.def 2018/08/11 v2.0j Standard LaTeX file
LaTeX Font Info:    Redeclaring font encoding TU on input line 82.
))
(c:/Users/willidon/AppData/Roaming/TinyTeX/texmf-dist/tex/latex/fontspec/fontsp
ec.cfg)
LaTeX Info: Redefining \itshape on input line 4047.
LaTeX Info: Redefining \slshape on input line 4052.
LaTeX Info: Redefining \scshape on input line 4057.
LaTeX Info: Redefining \upshape on input line 4062.
LaTeX Info: Redefining \em on input line 4092.
LaTeX Info: Redefining \emph on input line 4117.
))
(c:/Users/willidon/AppData/Roaming/TinyTeX/texmf-dist/tex/latex/xkeyval/xkeyval
.sty
Package: xkeyval 2014/12/03 v2.7a package option processing (HA)

(c:/Users/willidon/AppData/Roaming/TinyTeX/texmf-dist/tex/generic/xkeyval/xkeyv
al.tex
(c:/Users/willidon/AppData/Roaming/TinyTeX/texmf-dist/tex/generic/xkeyval/xkvut
ils.tex
\XKV@toks=\toks38
\XKV@tempa@toks=\toks39
)
\XKV@depth=\count441
File: xkeyval.tex 2014/12/03 v2.7a key=value parser (HA)
))
\c@eu@=\count442
\c@eu@i=\count443
\c@mkern=\count444
)
(c:/Users/willidon/AppData/Roaming/TinyTeX/texmf-dist/tex/latex/upquote/upquote
.sty
Package: upquote 2012/04/19 v1.3 upright-quote and grave-accent glyphs in verba
tim

(c:/Users/willidon/AppData/Roaming/TinyTeX/texmf-dist/tex/latex/base/textcomp.s
ty
Package: textcomp 2018/08/11 v2.0j Standard LaTeX package
Package textcomp Info: Sub-encoding information:
(textcomp)               5 = only ISO-Adobe without \textcurrency
(textcomp)               4 = 5 + \texteuro
(textcomp)               3 = 4 + \textohm
(textcomp)               2 = 3 + \textestimated + \textcurrency
(textcomp)               1 = TS1 - \textcircled - \t
(textcomp)               0 = TS1 (full)
(textcomp)             Font families with sub-encoding setting implement
(textcomp)             only a restricted character set as indicated.
(textcomp)             Family '?' is the default used for unknown fonts.
(textcomp)             See the documentation for details.
Package textcomp Info: Setting ? sub-encoding to TS1/1 on input line 79.

(c:/Users/willidon/AppData/Roaming/TinyTeX/texmf-dist/tex/latex/base/ts1enc.def
File: ts1enc.def 2001/06/05 v3.0e (jk/car/fm) Standard LaTeX file
)
LaTeX Info: Redefining \oldstylenums on input line 334.
Package textcomp Info: Setting cmr sub-encoding to TS1/0 on input line 349.
Package textcomp Info: Setting cmss sub-encoding to TS1/0 on input line 350.
Package textcomp Info: Setting cmtt sub-encoding to TS1/0 on input line 351.
Package textcomp Info: Setting cmvtt sub-encoding to TS1/0 on input line 352.
Package textcomp Info: Setting cmbr sub-encoding to TS1/0 on input line 353.
Package textcomp Info: Setting cmtl sub-encoding to TS1/0 on input line 354.
Package textcomp Info: Setting ccr sub-encoding to TS1/0 on input line 355.
Package textcomp Info: Setting ptm sub-encoding to TS1/4 on input line 356.
Package textcomp Info: Setting pcr sub-encoding to TS1/4 on input line 357.
Package textcomp Info: Setting phv sub-encoding to TS1/4 on input line 358.
Package textcomp Info: Setting ppl sub-encoding to TS1/3 on input line 359.
Package textcomp Info: Setting pag sub-encoding to TS1/4 on input line 360.
Package textcomp Info: Setting pbk sub-encoding to TS1/4 on input line 361.
Package textcomp Info: Setting pnc sub-encoding to TS1/4 on input line 362.
Package textcomp Info: Setting pzc sub-encoding to TS1/4 on input line 363.
Package textcomp Info: Setting bch sub-encoding to TS1/4 on input line 364.
Package textcomp Info: Setting put sub-encoding to TS1/5 on input line 365.
Package textcomp Info: Setting uag sub-encoding to TS1/5 on input line 366.
Package textcomp Info: Setting ugq sub-encoding to TS1/5 on input line 367.
Package textcomp Info: Setting ul8 sub-encoding to TS1/4 on input line 368.
Package textcomp Info: Setting ul9 sub-encoding to TS1/4 on input line 369.
Package textcomp Info: Setting augie sub-encoding to TS1/5 on input line 370.
Package textcomp Info: Setting dayrom sub-encoding to TS1/3 on input line 371.
Package textcomp Info: Setting dayroms sub-encoding to TS1/3 on input line 372.

Package textcomp Info: Setting pxr sub-encoding to TS1/0 on input line 373.
Package textcomp Info: Setting pxss sub-encoding to TS1/0 on input line 374.
Package textcomp Info: Setting pxtt sub-encoding to TS1/0 on input line 375.
Package textcomp Info: Setting txr sub-encoding to TS1/0 on input line 376.
Package textcomp Info: Setting txss sub-encoding to TS1/0 on input line 377.
Package textcomp Info: Setting txtt sub-encoding to TS1/0 on input line 378.
Package textcomp Info: Setting lmr sub-encoding to TS1/0 on input line 379.
Package textcomp Info: Setting lmdh sub-encoding to TS1/0 on input line 380.
Package textcomp Info: Setting lmss sub-encoding to TS1/0 on input line 381.
Package textcomp Info: Setting lmssq sub-encoding to TS1/0 on input line 382.
Package textcomp Info: Setting lmvtt sub-encoding to TS1/0 on input line 383.
Package textcomp Info: Setting lmtt sub-encoding to TS1/0 on input line 384.
Package textcomp Info: Setting qhv sub-encoding to TS1/0 on input line 385.
Package textcomp Info: Setting qag sub-encoding to TS1/0 on input line 386.
Package textcomp Info: Setting qbk sub-encoding to TS1/0 on input line 387.
Package textcomp Info: Setting qcr sub-encoding to TS1/0 on input line 388.
Package textcomp Info: Setting qcs sub-encoding to TS1/0 on input line 389.
Package textcomp Info: Setting qpl sub-encoding to TS1/0 on input line 390.
Package textcomp Info: Setting qtm sub-encoding to TS1/0 on input line 391.
Package textcomp Info: Setting qzc sub-encoding to TS1/0 on input line 392.
Package textcomp Info: Setting qhvc sub-encoding to TS1/0 on input line 393.
Package textcomp Info: Setting futs sub-encoding to TS1/4 on input line 394.
Package textcomp Info: Setting futx sub-encoding to TS1/4 on input line 395.
Package textcomp Info: Setting futj sub-encoding to TS1/4 on input line 396.
Package textcomp Info: Setting hlh sub-encoding to TS1/3 on input line 397.
Package textcomp Info: Setting hls sub-encoding to TS1/3 on input line 398.
Package textcomp Info: Setting hlst sub-encoding to TS1/3 on input line 399.
Package textcomp Info: Setting hlct sub-encoding to TS1/5 on input line 400.
Package textcomp Info: Setting hlx sub-encoding to TS1/5 on input line 401.
Package textcomp Info: Setting hlce sub-encoding to TS1/5 on input line 402.
Package textcomp Info: Setting hlcn sub-encoding to TS1/5 on input line 403.
Package textcomp Info: Setting hlcw sub-encoding to TS1/5 on input line 404.
Package textcomp Info: Setting hlcf sub-encoding to TS1/5 on input line 405.
Package textcomp Info: Setting pplx sub-encoding to TS1/3 on input line 406.
Package textcomp Info: Setting pplj sub-encoding to TS1/3 on input line 407.
Package textcomp Info: Setting ptmx sub-encoding to TS1/4 on input line 408.
Package textcomp Info: Setting ptmj sub-encoding to TS1/4 on input line 409.
))
Package hyperref Info: Option `unicode' set `true' on input line 149.

(c:/Users/willidon/AppData/Roaming/TinyTeX/texmf-dist/tex/generic/stringenc/se-
ascii-print.def
File: se-ascii-print.def 2019/11/29 v1.12 stringenc: Printable ASCII characters

)
Package hyperref Info: Option `breaklinks' set `true' on input line 149.

(c:/Users/willidon/AppData/Roaming/TinyTeX/texmf-dist/tex/latex/fancyvrb/fancyv
rb.sty
Package: fancyvrb 2019/11/09
Style option: `fancyvrb' v3.4 <2019/11/09> (tvz)
\FV@CodeLineNo=\count445
\FV@InFile=\read5
\FV@TabBox=\box69
\c@FancyVerbLine=\count446
\FV@StepNumber=\count447
\FV@OutFile=\write7
)
(c:/Users/willidon/AppData/Roaming/TinyTeX/texmf-dist/tex/latex/framed/framed.s
ty
Package: framed 2011/10/22 v 0.96: framed or shaded text with page breaks
\OuterFrameSep=\skip91
\fb@frw=\dimen281
\fb@frh=\dimen282
\FrameRule=\dimen283
\FrameSep=\dimen284
)
(c:/Users/willidon/AppData/Roaming/TinyTeX/texmf-dist/tex/latex/grffile/grffile
.sty
Package: grffile 2019/11/11 v2.1 Extended file name support for graphics (legac
y)
Package grffile Info: This package is an empty stub for compatibility on input 
line 40.
)
\@quotelevel=\count448
\@quotereset=\count449
(./MyJSSArticle.aux)
\openout1 = `MyJSSArticle.aux'.

LaTeX Font Info:    Checking defaults for OML/cmm/m/it on input line 231.
LaTeX Font Info:    ... okay on input line 231.
LaTeX Font Info:    Checking defaults for T1/cmr/m/n on input line 231.
LaTeX Font Info:    ... okay on input line 231.
LaTeX Font Info:    Checking defaults for OT1/cmr/m/n on input line 231.
LaTeX Font Info:    ... okay on input line 231.
LaTeX Font Info:    Checking defaults for OMS/cmsy/m/n on input line 231.
LaTeX Font Info:    ... okay on input line 231.
LaTeX Font Info:    Checking defaults for TU/lmr/m/n on input line 231.
LaTeX Font Info:    ... okay on input line 231.
LaTeX Font Info:    Checking defaults for OMX/cmex/m/n on input line 231.
LaTeX Font Info:    ... okay on input line 231.
LaTeX Font Info:    Checking defaults for U/cmr/m/n on input line 231.
LaTeX Font Info:    ... okay on input line 231.
LaTeX Font Info:    Checking defaults for PD1/pdf/m/n on input line 231.
LaTeX Font Info:    ... okay on input line 231.
LaTeX Font Info:    Checking defaults for PU/pdf/m/n on input line 231.
LaTeX Font Info:    ... okay on input line 231.
LaTeX Font Info:    Checking defaults for TS1/cmr/m/n on input line 231.
LaTeX Font Info:    Trying to load font information for TS1+cmr on input line 2
31.
(c:/Users/willidon/AppData/Roaming/TinyTeX/texmf-dist/tex/latex/base/ts1cmr.fd
File: ts1cmr.fd 2014/09/29 v2.5h Standard LaTeX font definitions
)
LaTeX Font Info:    ... okay on input line 231.
ABD: EveryShipout initializing macros
\AtBeginShipoutBox=\box70
Package hyperref Info: Link coloring ON on input line 231.

(c:/Users/willidon/AppData/Roaming/TinyTeX/texmf-dist/tex/latex/hyperref/namere
f.sty
Package: nameref 2019/09/16 v2.46 Cross-referencing by name of section

(c:/Users/willidon/AppData/Roaming/TinyTeX/texmf-dist/tex/latex/refcount/refcou
nt.sty
Package: refcount 2019/12/15 v3.6 Data extraction from label references (HO)
)
(c:/Users/willidon/AppData/Roaming/TinyTeX/texmf-dist/tex/generic/gettitlestrin
g/gettitlestring.sty
Package: gettitlestring 2019/12/15 v1.6 Cleanup title references (HO)
)
\c@section@level=\count450
)
LaTeX Info: Redefining \ref on input line 231.
LaTeX Info: Redefining \pageref on input line 231.
LaTeX Info: Redefining \nameref on input line 231.
(./MyJSSArticle.out) (./MyJSSArticle.out)
\@outlinefile=\write8
\openout8 = `MyJSSArticle.out'.

Package caption Info: Begin \AtBeginDocument code.
Package caption Info: End \AtBeginDocument code.
Package biblatex Info: Trying to load language 'english'...
Package biblatex Info: ... file 'english.lbx' found.

(c:/Users/willidon/AppData/Roaming/TinyTeX/texmf-dist/tex/latex/biblatex/lbx/en
glish.lbx
File: english.lbx 2019/12/01 v3.14 biblatex localization (PK/MW)
)
Package biblatex Info: XeTeX detected.
(biblatex)             Assuming input encoding 'utf8'.
Package biblatex Info: Automatic encoding selection.
(biblatex)             Assuming data encoding 'utf8'.
\openout6 = `MyJSSArticle.bcf'.

Package biblatex Info: Trying to load bibliographic data...
Package biblatex Info: ... file 'MyJSSArticle.bbl' not found.
No file MyJSSArticle.bbl.
Package biblatex Info: Reference section=0 on input line 231.
Package biblatex Info: Reference segment=0 on input line 231.
*geometry* driver: auto-detecting
*geometry* detected driver: xetex
*geometry* verbose mode - [ preamble ] result:
* driver: xetex
* paper: a4paper
* layout: <same size as paper>
* layoutoffset:(h,v)=(0.0pt,0.0pt)
* modes: includemp 
* h-part:(L,W,R)=(28.45274pt, 526.376pt, 42.67912pt)
* v-part:(T,H,B)=(99.58464pt, 660.10394pt, 85.35826pt)
* \paperwidth=597.50787pt
* \paperheight=845.04684pt
* \textwidth=387.33861pt
* \textheight=660.10394pt
* \oddsidemargin=95.22015pt
* \evensidemargin=95.22015pt
* \topmargin=-60.28131pt
* \headheight=62.59596pt
* \headsep=25.0pt
* \topskip=10.0pt
* \footskip=30.0pt
* \marginparwidth=128.0374pt
* \marginparsep=11.0pt
* \columnsep=10.0pt
* \skip\footins=9.0pt plus 4.0pt minus 2.0pt
* \hoffset=0.0pt
* \voffset=0.0pt
* \mag=1000
* \@twocolumnfalse
* \@twosidefalse
* \@mparswitchfalse
* \@reversemargintrue
* (1in=72.27pt=25.4mm, 1cm=28.453pt)

LaTeX Font Info:    Trying to load font information for U+msa on input line 232
.

(c:/Users/willidon/AppData/Roaming/TinyTeX/texmf-dist/tex/latex/amsfonts/umsa.f
d
File: umsa.fd 2013/01/14 v3.01 AMS symbols A
)
LaTeX Font Info:    Trying to load font information for U+msb on input line 232
.

(c:/Users/willidon/AppData/Roaming/TinyTeX/texmf-dist/tex/latex/amsfonts/umsb.f
d
File: umsb.fd 2013/01/14 v3.01 AMS symbols B
)

Package hyperref Warning: Suppressing link with empty target on input line 258.



Package hyperref Warning: Suppressing link with empty target on input line 258.



Package hyperref Warning: Suppressing link with empty target on input line 258.


LaTeX Font Info:    Font shape `TU/lmtt/bx/n' in size <10> not available
(Font)              Font shape `TU/lmtt/b/n' tried instead on input line 307.
File: C:/Users/willidon/Documents/R/win-library/3.6/rticles/rmarkdown/templates
/joss_article/resources/JOSS-logo.png Graphic file (type bmp)
<C:/Users/willidon/Documents/R/win-library/3.6/rticles/rmarkdown/templates/joss
_article/resources/JOSS-logo.png>

Package Fancyhdr Warning: \headheight is too small (62.59596pt): 
Make it at least 63.55022pt.
We now make it that large for the rest of the document.
This may cause the page layout to be inconsistent, however.

LaTeX Font Info:    Font shape `TU/lmss/m/it' in size <8> not available
(Font)              Font shape `TU/lmss/m/sl' tried instead on input line 353.
[1

]
File: figure1.jpeg Graphic file (type bmp)
<figure1.jpeg>
File: C:/Users/willidon/Documents/R/win-library/3.6/rticles/rmarkdown/templates
/joss_article/resources/JOSS-logo.png Graphic file (type bmp)
<C:/Users/willidon/Documents/R/win-library/3.6/rticles/rmarkdown/templates/joss
_article/resources/JOSS-logo.png>
[2]
File: C:/Users/willidon/Documents/R/win-library/3.6/rticles/rmarkdown/templates
/joss_article/resources/JOSS-logo.png Graphic file (type bmp)
<C:/Users/willidon/Documents/R/win-library/3.6/rticles/rmarkdown/templates/joss
_article/resources/JOSS-logo.png>
[3]
File: C:/Users/willidon/Documents/R/win-library/3.6/rticles/rmarkdown/templates
/joss_article/resources/JOSS-logo.png Graphic file (type bmp)
<C:/Users/willidon/Documents/R/win-library/3.6/rticles/rmarkdown/templates/joss
_article/resources/JOSS-logo.png>
[4]
File: C:/Users/willidon/Documents/R/win-library/3.6/rticles/rmarkdown/templates
/joss_article/resources/JOSS-logo.png Graphic file (type bmp)
<C:/Users/willidon/Documents/R/win-library/3.6/rticles/rmarkdown/templates/joss
_article/resources/JOSS-logo.png>
[5]
File: figure2.jpeg Graphic file (type bmp)
<figure2.jpeg>
File: C:/Users/willidon/Documents/R/win-library/3.6/rticles/rmarkdown/templates
/joss_article/resources/JOSS-logo.png Graphic file (type bmp)
<C:/Users/willidon/Documents/R/win-library/3.6/rticles/rmarkdown/templates/joss
_article/resources/JOSS-logo.png>
[6]
File: figure3.jpeg Graphic file (type bmp)
<figure3.jpeg>
File: figure4.jpeg Graphic file (type bmp)
<figure4.jpeg>
File: C:/Users/willidon/Documents/R/win-library/3.6/rticles/rmarkdown/templates
/joss_article/resources/JOSS-logo.png Graphic file (type bmp)
<C:/Users/willidon/Documents/R/win-library/3.6/rticles/rmarkdown/templates/joss
_article/resources/JOSS-logo.png>
[7]
File: C:/Users/willidon/Documents/R/win-library/3.6/rticles/rmarkdown/templates
/joss_article/resources/JOSS-logo.png Graphic file (type bmp)
<C:/Users/willidon/Documents/R/win-library/3.6/rticles/rmarkdown/templates/joss
_article/resources/JOSS-logo.png>
[8]
File: C:/Users/willidon/Documents/R/win-library/3.6/rticles/rmarkdown/templates
/joss_article/resources/JOSS-logo.png Graphic file (type bmp)
<C:/Users/willidon/Documents/R/win-library/3.6/rticles/rmarkdown/templates/joss
_article/resources/JOSS-logo.png>
[9]
File: C:/Users/willidon/Documents/R/win-library/3.6/rticles/rmarkdown/templates
/joss_article/resources/JOSS-logo.png Graphic file (type bmp)
<C:/Users/willidon/Documents/R/win-library/3.6/rticles/rmarkdown/templates/joss
_article/resources/JOSS-logo.png>
[10]
Package atveryend Info: Empty hook `BeforeClearDocument' on input line 869.
Package atveryend Info: Empty hook `AfterLastShipout' on input line 869.
(./MyJSSArticle.aux)
Package atveryend Info: Empty hook `AtVeryEndDocument' on input line 869.
Package atveryend Info: Executing hook `AtEndAfterFileList' on input line 869.
Package rerunfilecheck Info: File `MyJSSArticle.out' has not changed.
(rerunfilecheck)             Checksum: 648FFA4796F0F7FF6D0645A8CF68A74F;1205.
Package logreq Info: Writing requests to 'MyJSSArticle.run.xml'.
\openout1 = `MyJSSArticle.run.xml'.

 ) 
Here is how much of TeX's memory you used:
 43539 strings out of 494458
 866229 string characters out of 6171843
 1337016 words of memory out of 5000000
 47343 multiletter control sequences out of 15000+600000
 539218 words of font info for 73 fonts, out of 8000000 for 9000
 14 hyphenation exceptions out of 8191
 60i,13n,77p,798b,788s stack positions out of 5000i,500n,10000p,200000b,80000s

Output written on MyJSSArticle.pdf (10 pages).
